<?xml version="1.0" encoding="UTF-8"?>
<!-- Generated by org.testng.reporters.JUnitReportReporter -->
<testsuite hostname="7568mdsalman" failures="0" tests="1" name="Com.Crm.generic.BaseUtility.CampaignTest" time="11.506" errors="0" timestamp="2024-09-16T17:32:01 IST" skipped="0">
  <testcase classname="Com.Crm.generic.BaseUtility.CampaignTest" name="createCampaignTest" time="11.506"/>
  <system-out/>
</testsuite> <!-- Com.Crm.generic.BaseUtility.CampaignTest -->
