<?xml version="1.0" encoding="UTF-8"?>
<!-- Generated by org.testng.reporters.JUnitReportReporter -->
<testsuite hostname="7568mdsalman" failures="0" tests="1" name="PracticeTestNg.ManagerTestClass" time="0.004" errors="0" timestamp="2024-09-18T16:17:22 IST" skipped="0">
  <testcase classname="PracticeTestNg.ManagerTestClass" name="managetTest1" time="0.004"/>
  <system-out/>
</testsuite> <!-- PracticeTestNg.ManagerTestClass -->
