<?xml version="1.0" encoding="UTF-8"?>
<!-- Generated by org.testng.reporters.JUnitReportReporter -->
<testsuite hostname="7568mdsalman" failures="0" tests="1" name="Com.Comcast.Crm.CampaignsTest.CreateCampaignsTest" time="20.928" errors="0" timestamp="2024-09-18T20:11:06 IST" skipped="0">
  <testcase classname="Com.Comcast.Crm.CampaignsTest.CreateCampaignsTest" name="CreateCampaignTest" time="20.928"/>
  <system-out/>
</testsuite> <!-- Com.Comcast.Crm.CampaignsTest.CreateCampaignsTest -->
