<?xml version="1.0" encoding="UTF-8"?>
<!-- Generated by org.testng.reporters.JUnitReportReporter -->
<testsuite hostname="7568mdsalman" failures="0" tests="1" name="PracticeTestNg.EmpTestcLASS" time="0.006" errors="0" timestamp="2024-09-18T16:17:22 IST" skipped="0">
  <testcase classname="PracticeTestNg.EmpTestcLASS" name="EmpTest2" time="0.006"/>
  <system-out/>
</testsuite> <!-- PracticeTestNg.EmpTestcLASS -->
