<?xml version="1.0" encoding="UTF-8"?>
<!-- Generated by org.testng.reporters.JUnitReportReporter -->
<testsuite hostname="7568mdsalman" failures="0" tests="1" name="Comcast.Crm.ProductTest.ProductTest" time="11.958" errors="0" timestamp="2024-09-18T03:03:17 IST" skipped="0">
  <testcase classname="Comcast.Crm.ProductTest.ProductTest" name="createProductTest" time="11.958"/>
  <system-out/>
</testsuite> <!-- Comcast.Crm.ProductTest.ProductTest -->
