<?xml version="1.0" encoding="UTF-8"?>
<!-- Generated by org.testng.reporters.JUnitReportReporter -->
<testsuite hostname="7568mdsalman" failures="0" tests="1" name="Com.Crm.generic.BaseUtility.Test_01" time="22.888" errors="0" timestamp="2024-09-16T13:09:21 IST" skipped="0">
  <testcase classname="Com.Crm.generic.BaseUtility.Test_01" name="navigateOrg" time="22.888"/>
  <system-out/>
</testsuite> <!-- Com.Crm.generic.BaseUtility.Test_01 -->
