<?xml version="1.0" encoding="UTF-8"?>
<!-- Generated by org.testng.reporters.JUnitReportReporter -->
<testsuite hostname="7568mdsalman" failures="0" tests="1" name="Com.Comcast.Crm.OrgTest.CreateORGwithIndustries_typeTest" time="52.373" errors="0" timestamp="2024-09-17T10:56:17 IST" skipped="0">
  <testcase classname="Com.Comcast.Crm.OrgTest.CreateORGwithIndustries_typeTest" name="CreateORGIndustriesAndTypeTest" time="52.373"/>
  <system-out/>
</testsuite> <!-- Com.Comcast.Crm.OrgTest.CreateORGwithIndustries_typeTest -->
