<?xml version="1.0" encoding="UTF-8"?>
<!-- Generated by org.testng.reporters.JUnitReportReporter -->
<testsuite hostname="7568mdsalman" failures="0" tests="1" name="Com.Crm.generic.BaseUtility.CreateContactTest" time="46.803" errors="0" timestamp="2024-09-16T12:28:54 IST" skipped="0">
  <testcase classname="Com.Crm.generic.BaseUtility.CreateContactTest" name="createContactTest" time="46.803"/>
  <system-out/>
</testsuite> <!-- Com.Crm.generic.BaseUtility.CreateContactTest -->
