<?xml version="1.0" encoding="UTF-8"?>
<!-- Generated by org.testng.reporters.JUnitReportReporter -->
<testsuite hostname="7568mdsalman" failures="0" tests="1" name="Com.Comcast.Crm.LeadTest.CreateLeadTest" time="21.975" errors="0" timestamp="2024-10-04T11:19:37 IST" skipped="0">
  <testcase classname="Com.Comcast.Crm.LeadTest.CreateLeadTest" name="CreateLead_Test" time="21.975"/>
  <system-out/>
</testsuite> <!-- Com.Comcast.Crm.LeadTest.CreateLeadTest -->
