<?xml version="1.0" encoding="UTF-8"?>
<!-- Generated by org.testng.reporters.JUnitReportReporter -->
<testsuite hostname="7568mdsalman" failures="0" tests="1" name="Com.Crm.generic.BaseUtility.A" time="0.012" errors="0" timestamp="2024-09-14T09:52:30 IST" skipped="0">
  <testcase classname="Com.Crm.generic.BaseUtility.A" name="TC_01" time="0.012"/>
  <system-out/>
</testsuite> <!-- Com.Crm.generic.BaseUtility.A -->
