<?xml version="1.0" encoding="UTF-8"?>
<!-- Generated by org.testng.reporters.JUnitReportReporter -->
<testsuite hostname="7568mdsalman" failures="0" tests="1" name="Com.Crm.generic.BaseUtility.ProductTest" time="20.731" errors="0" timestamp="2024-09-16T19:09:07 IST" skipped="0">
  <testcase classname="Com.Crm.generic.BaseUtility.ProductTest" name="createProductTest" time="20.731"/>
  <system-out/>
</testsuite> <!-- Com.Crm.generic.BaseUtility.ProductTest -->
