<?xml version="1.0" encoding="UTF-8"?>
<!-- Generated by org.testng.reporters.JUnitReportReporter -->
<testsuite hostname="7568mdsalman" failures="0" tests="3" name="PracticeDataProvider.GetProductInfoTest" time="41.034" errors="0" timestamp="2024-09-13T19:18:15 IST" skipped="0">
  <testcase classname="PracticeDataProvider.GetProductInfoTest" name="getProductInfoTest" time="12.440"/>
  <system-out/>
  <testcase classname="PracticeDataProvider.GetProductInfoTest" name="getProductInfoTest" time="19.012"/>
  <system-out/>
  <testcase classname="PracticeDataProvider.GetProductInfoTest" name="getProductInfoTest" time="9.582"/>
  <system-out/>
</testsuite> <!-- PracticeDataProvider.GetProductInfoTest -->
