<?xml version="1.0" encoding="UTF-8"?>
<!-- Generated by org.testng.reporters.JUnitReportReporter -->
<testsuite hostname="7568mdsalman" failures="0" tests="1" name="PracticeTestNg.SalTestClass" time="0.002" errors="0" timestamp="2024-09-18T16:06:59 IST" skipped="0">
  <testcase classname="PracticeTestNg.SalTestClass" name="salTest2" time="0.002"/>
  <system-out/>
</testsuite> <!-- PracticeTestNg.SalTestClass -->
