<?xml version="1.0" encoding="UTF-8"?>
<!-- Generated by org.testng.reporters.JUnitReportReporter -->
<testsuite hostname="7568mdsalman" failures="0" tests="2" name="Com.Crm.generic.BaseUtility.CreateOrgTest" time="43.428" errors="0" timestamp="2024-09-16T15:58:17 IST" skipped="0">
  <testcase classname="Com.Crm.generic.BaseUtility.CreateOrgTest" name="orgWithContact" time="23.377"/>
  <system-out/>
  <testcase classname="Com.Crm.generic.BaseUtility.CreateOrgTest" name="crteOrgTest" time="20.051"/>
  <system-out/>
</testsuite> <!-- Com.Crm.generic.BaseUtility.CreateOrgTest -->
