<?xml version="1.0" encoding="UTF-8"?>
<!-- Generated by org.testng.reporters.JUnitReportReporter -->
<testsuite hostname="7568mdsalman" failures="0" tests="1" name="Com.Comcast.Crm.OrgTest.CreateOrgTest" time="13.164" errors="0" timestamp="2024-09-17T11:04:39 IST" skipped="0">
  <testcase classname="Com.Comcast.Crm.OrgTest.CreateOrgTest" name="CreateOrg_Test" time="13.164"/>
  <system-out/>
</testsuite> <!-- Com.Comcast.Crm.OrgTest.CreateOrgTest -->
