<?xml version="1.0" encoding="UTF-8"?>
<!-- Generated by org.testng.reporters.JUnitReportReporter -->
<testsuite hostname="7568mdsalman" failures="0" tests="5" name="PracticeDataProvider.A" time="0.061" errors="0" timestamp="2024-09-18T10:57:22 IST" skipped="0">
  <testcase classname="PracticeDataProvider.A" name="TC_04" time="0.007"/>
  <system-out/>
  <testcase classname="PracticeDataProvider.A" name="TC_02" time="0.005"/>
  <system-out/>
  <testcase classname="PracticeDataProvider.A" name="TC_01" time="0.013"/>
  <system-out/>
  <testcase classname="PracticeDataProvider.A" name="TC_03" time="0.021"/>
  <system-out/>
  <testcase classname="PracticeDataProvider.A" name="db_01" time="0.015"/>
  <system-out/>
</testsuite> <!-- PracticeDataProvider.A -->
