<?xml version="1.0" encoding="UTF-8"?>
<!-- Generated by org.testng.reporters.JUnitReportReporter -->
<testsuite hostname="7568mdsalman" failures="0" tests="1" name="Com.Comcast.Crm.ContactTest.CreateContactTest" time="22.345" errors="0" timestamp="2024-09-18T03:35:29 IST" skipped="0">
  <testcase classname="Com.Comcast.Crm.ContactTest.CreateContactTest" name="createContactTest" time="22.345"/>
  <system-out/>
</testsuite> <!-- Com.Comcast.Crm.ContactTest.CreateContactTest -->
