<?xml version="1.0" encoding="UTF-8"?>
<!-- Generated by org.testng.reporters.JUnitReportReporter -->
<testsuite hostname="7568mdsalman" failures="0" tests="1" name="Com.Comcast.Crm.OrgTest.CreateOrg_withPhoneNumbwerTest" time="21.128" errors="0" timestamp="2024-10-04T10:46:12 IST" skipped="0">
  <testcase classname="Com.Comcast.Crm.OrgTest.CreateOrg_withPhoneNumbwerTest" name="CreateOrgandPhoneNumberTest" time="21.128"/>
  <system-out/>
</testsuite> <!-- Com.Comcast.Crm.OrgTest.CreateOrg_withPhoneNumbwerTest -->
