<?xml version="1.0" encoding="UTF-8"?>
<!-- Generated by org.testng.reporters.JUnitReportReporter -->
<testsuite hostname="7568mdsalman" failures="0" tests="3" name="Com.Comcast.Crm.ContactTest.ContactTest" time="78.741" errors="0" timestamp="2024-10-04T10:46:12 IST" skipped="0">
  <testcase classname="Com.Comcast.Crm.ContactTest.ContactTest" name="CreateContactSupportDateTest" time="23.322"/>
  <system-out/>
  <testcase classname="Com.Comcast.Crm.ContactTest.ContactTest" name="CreateContactwithOrgTest" time="36.662"/>
  <system-out/>
  <testcase classname="Com.Comcast.Crm.ContactTest.ContactTest" name="createContactTest" time="18.757"/>
  <system-out/>
</testsuite> <!-- Com.Comcast.Crm.ContactTest.ContactTest -->
