<?xml version="1.0" encoding="UTF-8"?>
<!-- Generated by org.testng.reporters.JUnitReportReporter -->
<testsuite hostname="7568mdsalman" failures="0" tests="1" name="Comcast.Crm.ProductTest.ProductTest" time="24.446" errors="0" timestamp="2024-10-04T10:46:12 IST" skipped="0">
  <testcase classname="Comcast.Crm.ProductTest.ProductTest" name="createProductTest" time="24.446"/>
  <system-out/>
</testsuite> <!-- Comcast.Crm.ProductTest.ProductTest -->
