<?xml version="1.0" encoding="UTF-8"?>
<!-- Generated by org.testng.reporters.JUnitReportReporter -->
<testsuite hostname="7568mdsalman" failures="0" tests="1" name="Com.Comcast.Crm.ContactTest.CreateContactTest" time="21.238" errors="0" timestamp="2024-10-04T10:46:12 IST" skipped="0">
  <testcase classname="Com.Comcast.Crm.ContactTest.CreateContactTest" name="createContactTest" time="21.238"/>
  <system-out/>
</testsuite> <!-- Com.Comcast.Crm.ContactTest.CreateContactTest -->
